<?xml version="1.0" encoding="UTF-8"?>
<coverage generated="1655632545161" clover="3.2.0">
  <project timestamp="1655632545161" name="All files">
    <metrics statements="71" coveredstatements="71" conditionals="42" coveredconditionals="40" methods="12" coveredmethods="12" elements="125" coveredelements="123" complexity="0" loc="71" ncloc="71" packages="4" files="4" classes="4"/>
    <package name="src">
      <metrics statements="16" coveredstatements="16" conditionals="11" coveredconditionals="10" methods="2" coveredmethods="2"/>
      <file name="init.js" path="/Users/romanusov/code/js_studies/ru-calculator-v2/src/init.js">
        <metrics statements="16" coveredstatements="16" conditionals="11" coveredconditionals="10" methods="2" coveredmethods="2"/>
        <line num="4" count="2" type="stmt"/>
        <line num="5" count="2" type="stmt"/>
        <line num="6" count="2" type="stmt"/>
        <line num="8" count="2" type="stmt"/>
        <line num="14" count="2" type="stmt"/>
        <line num="15" count="5" type="cond" truecount="2" falsecount="0"/>
        <line num="16" count="1" type="stmt"/>
        <line num="19" count="5" type="cond" truecount="2" falsecount="0"/>
        <line num="20" count="1" type="stmt"/>
        <line num="23" count="5" type="cond" truecount="2" falsecount="0"/>
        <line num="24" count="1" type="stmt"/>
        <line num="27" count="5" type="cond" truecount="2" falsecount="0"/>
        <line num="28" count="1" type="stmt"/>
        <line num="31" count="5" type="cond" truecount="2" falsecount="0"/>
        <line num="32" count="1" type="stmt"/>
        <line num="35" count="2" type="stmt"/>
      </file>
    </package>
    <package name="src.__tests__">
      <metrics statements="4" coveredstatements="4" conditionals="0" coveredconditionals="0" methods="0" coveredmethods="0"/>
      <file name="testHelper.js" path="/Users/romanusov/code/js_studies/ru-calculator-v2/src/__tests__/testHelper.js">
        <metrics statements="4" coveredstatements="4" conditionals="0" coveredconditionals="0" methods="0" coveredmethods="0"/>
        <line num="7" count="2" type="stmt"/>
        <line num="8" count="2" type="stmt"/>
        <line num="10" count="2" type="stmt"/>
        <line num="40" count="2" type="stmt"/>
      </file>
    </package>
    <package name="src.config-helpers">
      <metrics statements="0" coveredstatements="0" conditionals="0" coveredconditionals="0" methods="0" coveredmethods="0"/>
      <file name="config.js" path="/Users/romanusov/code/js_studies/ru-calculator-v2/src/config-helpers/config.js">
        <metrics statements="0" coveredstatements="0" conditionals="0" coveredconditionals="0" methods="0" coveredmethods="0"/>
      </file>
    </package>
    <package name="src.logic">
      <metrics statements="51" coveredstatements="51" conditionals="31" coveredconditionals="30" methods="10" coveredmethods="10"/>
      <file name="Calculator.js" path="/Users/romanusov/code/js_studies/ru-calculator-v2/src/logic/Calculator.js">
        <metrics statements="51" coveredstatements="51" conditionals="31" coveredconditionals="30" methods="10" coveredmethods="10"/>
        <line num="12" count="2" type="stmt"/>
        <line num="13" count="2" type="stmt"/>
        <line num="14" count="2" type="stmt"/>
        <line num="18" count="81" type="cond" truecount="1" falsecount="1"/>
        <line num="20" count="81" type="stmt"/>
        <line num="22" count="81" type="cond" truecount="2" falsecount="0"/>
        <line num="24" count="16" type="stmt"/>
        <line num="30" count="163" type="stmt"/>
        <line num="34" count="63" type="cond" truecount="4" falsecount="0"/>
        <line num="35" count="1" type="stmt"/>
        <line num="36" count="1" type="stmt"/>
        <line num="37" count="1" type="stmt"/>
        <line num="40" count="62" type="cond" truecount="4" falsecount="0"/>
        <line num="42" count="61" type="cond" truecount="2" falsecount="0"/>
        <line num="43" count="47" type="stmt"/>
        <line num="44" count="47" type="stmt"/>
        <line num="45" count="47" type="stmt"/>
        <line num="48" count="14" type="stmt"/>
        <line num="50" count="14" type="stmt"/>
        <line num="56" count="9" type="stmt"/>
        <line num="60" count="29" type="stmt"/>
        <line num="64" count="19" type="cond" truecount="2" falsecount="0"/>
        <line num="66" count="18" type="stmt"/>
        <line num="67" count="18" type="stmt"/>
        <line num="69" count="18" type="stmt"/>
        <line num="74" count="18" type="stmt"/>
        <line num="79" count="18" type="stmt"/>
        <line num="80" count="18" type="stmt"/>
        <line num="84" count="41" type="stmt"/>
        <line num="85" count="41" type="stmt"/>
        <line num="87" count="41" type="stmt"/>
        <line num="88" count="41" type="stmt"/>
        <line num="90" count="41" type="stmt"/>
        <line num="91" count="41" type="stmt"/>
        <line num="95" count="4" type="stmt"/>
        <line num="96" count="4" type="stmt"/>
        <line num="98" count="4" type="stmt"/>
        <line num="100" count="4" type="stmt"/>
        <line num="107" count="10" type="cond" truecount="5" falsecount="0"/>
        <line num="109" count="2" type="stmt"/>
        <line num="110" count="2" type="stmt"/>
        <line num="112" count="1" type="stmt"/>
        <line num="113" count="1" type="stmt"/>
        <line num="115" count="1" type="stmt"/>
        <line num="116" count="1" type="stmt"/>
        <line num="118" count="5" type="stmt"/>
        <line num="119" count="5" type="stmt"/>
        <line num="121" count="1" type="stmt"/>
        <line num="124" count="10" type="stmt"/>
        <line num="126" count="10" type="stmt"/>
        <line num="128" count="10" type="stmt"/>
      </file>
    </package>
  </project>
</coverage>
