<?xml version="1.0" encoding="UTF-8"?>
<coverage generated="1655483800055" clover="3.2.0">
  <project timestamp="1655483800055" name="All files">
    <metrics statements="142" coveredstatements="111" conditionals="79" coveredconditionals="59" methods="36" coveredmethods="31" elements="257" coveredelements="201" complexity="0" loc="142" ncloc="142" packages="5" files="6" classes="6"/>
    <package name="src">
      <metrics statements="24" coveredstatements="24" conditionals="0" coveredconditionals="0" methods="7" coveredmethods="7"/>
      <file name="init.js" path="/Users/romanusov/code/js_studies/ru-calculator/src/init.js">
        <metrics statements="24" coveredstatements="24" conditionals="0" coveredconditionals="0" methods="7" coveredmethods="7"/>
        <line num="7" count="1" type="stmt"/>
        <line num="8" count="1" type="stmt"/>
        <line num="11" count="12" type="stmt"/>
        <line num="12" count="12" type="stmt"/>
        <line num="16" count="5" type="stmt"/>
        <line num="17" count="7" type="stmt"/>
        <line num="19" count="5" type="stmt"/>
        <line num="21" count="5" type="stmt"/>
        <line num="22" count="5" type="stmt"/>
        <line num="24" count="5" type="stmt"/>
        <line num="25" count="5" type="stmt"/>
        <line num="29" count="16" type="stmt"/>
        <line num="35" count="16" type="stmt"/>
        <line num="37" count="16" type="stmt"/>
        <line num="39" count="16" type="stmt"/>
        <line num="41" count="16" type="stmt"/>
        <line num="45" count="1" type="stmt"/>
        <line num="49" count="3" type="stmt"/>
        <line num="52" count="1" type="stmt"/>
        <line num="54" count="1" type="stmt"/>
        <line num="56" count="1" type="stmt"/>
        <line num="58" count="1" type="stmt"/>
        <line num="60" count="1" type="stmt"/>
        <line num="62" count="1" type="stmt"/>
      </file>
    </package>
    <package name="src.calculations">
      <metrics statements="11" coveredstatements="11" conditionals="5" coveredconditionals="5" methods="1" coveredmethods="1"/>
      <file name="SolveMath.js" path="/Users/romanusov/code/js_studies/ru-calculator/src/calculations/SolveMath.js">
        <metrics statements="11" coveredstatements="11" conditionals="5" coveredconditionals="5" methods="1" coveredmethods="1"/>
        <line num="7" count="16" type="cond" truecount="5" falsecount="0"/>
        <line num="9" count="3" type="stmt"/>
        <line num="10" count="3" type="stmt"/>
        <line num="12" count="4" type="stmt"/>
        <line num="13" count="4" type="stmt"/>
        <line num="15" count="2" type="stmt"/>
        <line num="16" count="2" type="stmt"/>
        <line num="18" count="6" type="stmt"/>
        <line num="19" count="6" type="stmt"/>
        <line num="21" count="1" type="stmt"/>
        <line num="24" count="16" type="stmt"/>
      </file>
    </package>
    <package name="src.config-helpers">
      <metrics statements="13" coveredstatements="13" conditionals="14" coveredconditionals="14" methods="2" coveredmethods="2"/>
      <file name="config.js" path="/Users/romanusov/code/js_studies/ru-calculator/src/config-helpers/config.js">
        <metrics statements="0" coveredstatements="0" conditionals="0" coveredconditionals="0" methods="0" coveredmethods="0"/>
      </file>
      <file name="helpers.js" path="/Users/romanusov/code/js_studies/ru-calculator/src/config-helpers/helpers.js">
        <metrics statements="13" coveredstatements="13" conditionals="14" coveredconditionals="14" methods="2" coveredmethods="2"/>
        <line num="6" count="52" type="cond" truecount="2" falsecount="0"/>
        <line num="8" count="52" type="cond" truecount="2" falsecount="0"/>
        <line num="10" count="52" type="stmt"/>
        <line num="12" count="52" type="cond" truecount="4" falsecount="0"/>
        <line num="13" count="40" type="stmt"/>
        <line num="18" count="12" type="stmt"/>
        <line num="20" count="12" type="stmt"/>
        <line num="22" count="12" type="stmt"/>
        <line num="23" count="14" type="stmt"/>
        <line num="28" count="12" type="stmt"/>
        <line num="34" count="21" type="cond" truecount="2" falsecount="0"/>
        <line num="35" count="6" type="stmt"/>
        <line num="37" count="15" type="stmt"/>
      </file>
    </package>
    <package name="src.data">
      <metrics statements="28" coveredstatements="28" conditionals="24" coveredconditionals="24" methods="8" coveredmethods="8"/>
      <file name="Calculator.js" path="/Users/romanusov/code/js_studies/ru-calculator/src/data/Calculator.js">
        <metrics statements="28" coveredstatements="28" conditionals="24" coveredconditionals="24" methods="8" coveredmethods="8"/>
        <line num="4" count="1" type="stmt"/>
        <line num="6" count="1" type="stmt"/>
        <line num="8" count="1" type="stmt"/>
        <line num="11" count="48" type="stmt"/>
        <line num="13" count="48" type="stmt"/>
        <line num="15" count="48" type="stmt"/>
        <line num="19" count="3" type="cond" truecount="2" falsecount="0"/>
        <line num="20" count="2" type="stmt"/>
        <line num="22" count="1" type="stmt"/>
        <line num="27" count="100" type="stmt"/>
        <line num="31" count="62" type="cond" truecount="4" falsecount="0"/>
        <line num="33" count="61" type="cond" truecount="4" falsecount="0"/>
        <line num="34" count="1" type="stmt"/>
        <line num="36" count="1" type="stmt"/>
        <line num="39" count="60" type="cond" truecount="2" falsecount="0"/>
        <line num="40" count="5" type="stmt"/>
        <line num="42" count="5" type="stmt"/>
        <line num="45" count="55" type="cond" truecount="4" falsecount="0"/>
        <line num="46" count="1" type="stmt"/>
        <line num="47" count="54" type="cond" truecount="4" falsecount="0"/>
        <line num="48" count="46" type="stmt"/>
        <line num="50" count="8" type="stmt"/>
        <line num="55" count="26" type="stmt"/>
        <line num="60" count="24" type="cond" truecount="2" falsecount="0"/>
        <line num="62" count="24" type="stmt"/>
        <line num="66" count="27" type="stmt"/>
        <line num="70" count="25" type="cond" truecount="2" falsecount="0"/>
        <line num="71" count="24" type="stmt"/>
      </file>
    </package>
    <package name="src.view">
      <metrics statements="66" coveredstatements="35" conditionals="36" coveredconditionals="16" methods="18" coveredmethods="13"/>
      <file name="ControlUI.js" path="/Users/romanusov/code/js_studies/ru-calculator/src/view/ControlUI.js">
        <metrics statements="66" coveredstatements="35" conditionals="36" coveredconditionals="16" methods="18" coveredmethods="13"/>
        <line num="6" count="1" type="stmt"/>
        <line num="7" count="1" type="stmt"/>
        <line num="8" count="1" type="stmt"/>
        <line num="9" count="1" type="stmt"/>
        <line num="10" count="1" type="stmt"/>
        <line num="11" count="1" type="stmt"/>
        <line num="12" count="1" type="stmt"/>
        <line num="13" count="1" type="stmt"/>
        <line num="17" count="1" type="stmt"/>
        <line num="18" count="11" type="stmt"/>
        <line num="19" count="0" type="stmt"/>
        <line num="21" count="0" type="stmt"/>
        <line num="23" count="0" type="cond" truecount="0" falsecount="2"/>
        <line num="25" count="0" type="stmt"/>
        <line num="27" count="0" type="cond" truecount="0" falsecount="2"/>
        <line num="28" count="0" type="stmt"/>
        <line num="30" count="0" type="stmt"/>
        <line num="37" count="1" type="stmt"/>
        <line num="38" count="4" type="stmt"/>
        <line num="39" count="0" type="stmt"/>
        <line num="40" count="0" type="stmt"/>
        <line num="42" count="0" type="cond" truecount="0" falsecount="2"/>
        <line num="44" count="0" type="stmt"/>
        <line num="46" count="0" type="cond" truecount="0" falsecount="2"/>
        <line num="47" count="0" type="stmt"/>
        <line num="49" count="0" type="stmt"/>
        <line num="56" count="1" type="stmt"/>
        <line num="57" count="0" type="stmt"/>
        <line num="59" count="0" type="stmt"/>
        <line num="61" count="0" type="cond" truecount="0" falsecount="2"/>
        <line num="63" count="0" type="stmt"/>
        <line num="65" count="0" type="cond" truecount="0" falsecount="4"/>
        <line num="66" count="0" type="stmt"/>
        <line num="72" count="1" type="stmt"/>
        <line num="73" count="0" type="stmt"/>
        <line num="75" count="0" type="stmt"/>
        <line num="77" count="0" type="cond" truecount="0" falsecount="2"/>
        <line num="79" count="0" type="stmt"/>
        <line num="81" count="0" type="stmt"/>
        <line num="82" count="0" type="stmt"/>
        <line num="87" count="1" type="stmt"/>
        <line num="88" count="0" type="stmt"/>
        <line num="90" count="0" type="stmt"/>
        <line num="92" count="0" type="cond" truecount="0" falsecount="2"/>
        <line num="94" count="0" type="stmt"/>
        <line num="96" count="0" type="stmt"/>
        <line num="101" count="3" type="cond" truecount="2" falsecount="0"/>
        <line num="102" count="2" type="stmt"/>
        <line num="106" count="2" type="stmt"/>
        <line num="108" count="1" type="stmt"/>
        <line num="113" count="57" type="stmt"/>
        <line num="115" count="57" type="cond" truecount="2" falsecount="0"/>
        <line num="116" count="6" type="stmt"/>
        <line num="117" count="51" type="cond" truecount="4" falsecount="0"/>
        <line num="118" count="31" type="stmt"/>
        <line num="119" count="20" type="cond" truecount="2" falsecount="0"/>
        <line num="124" count="19" type="stmt"/>
        <line num="126" count="19" type="stmt"/>
        <line num="131" count="8" type="stmt"/>
        <line num="138" count="7" type="cond" truecount="1" falsecount="1"/>
        <line num="140" count="7" type="stmt"/>
        <line num="142" count="7" type="stmt"/>
        <line num="144" count="7" type="stmt"/>
        <line num="148" count="33" type="stmt"/>
        <line num="150" count="33" type="stmt"/>
        <line num="152" count="33" type="stmt"/>
      </file>
    </package>
  </project>
</coverage>
