{"/Users/romanusov/code/js_studies/ru-calculator/src/init.js": {"path":"/Users/romanusov/code/js_studies/ru-calculator/src/init.js","statementMap":{"0":{"start":{"line":7,"column":21},"end":{"line":7,"column":37}},"1":{"start":{"line":8,"column":20},"end":{"line":8,"column":42}},"2":{"start":{"line":11,"column":4},"end":{"line":11,"column":37}},"3":{"start":{"line":12,"column":4},"end":{"line":12,"column":46}},"4":{"start":{"line":16,"column":4},"end":{"line":18,"column":6}},"5":{"start":{"line":17,"column":20},"end":{"line":17,"column":37}},"6":{"start":{"line":19,"column":4},"end":{"line":19,"column":58}},"7":{"start":{"line":21,"column":4},"end":{"line":21,"column":60}},"8":{"start":{"line":22,"column":4},"end":{"line":22,"column":66}},"9":{"start":{"line":24,"column":4},"end":{"line":24,"column":37}},"10":{"start":{"line":25,"column":4},"end":{"line":25,"column":64}},"11":{"start":{"line":29,"column":19},"end":{"line":33,"column":16}},"12":{"start":{"line":35,"column":4},"end":{"line":35,"column":23}},"13":{"start":{"line":37,"column":4},"end":{"line":37,"column":39}},"14":{"start":{"line":39,"column":4},"end":{"line":39,"column":30}},"15":{"start":{"line":41,"column":4},"end":{"line":41,"column":40}},"16":{"start":{"line":45,"column":4},"end":{"line":45,"column":23}},"17":{"start":{"line":49,"column":4},"end":{"line":49,"column":24}},"18":{"start":{"line":52,"column":2},"end":{"line":52,"column":53}},"19":{"start":{"line":54,"column":2},"end":{"line":54,"column":57}},"20":{"start":{"line":56,"column":2},"end":{"line":56,"column":51}},"21":{"start":{"line":58,"column":2},"end":{"line":58,"column":51}},"22":{"start":{"line":60,"column":2},"end":{"line":60,"column":54}},"23":{"start":{"line":62,"column":2},"end":{"line":70,"column":4}}},"fnMap":{"0":{"name":"init","decl":{"start":{"line":6,"column":16},"end":{"line":6,"column":20}},"loc":{"start":{"line":6,"column":30},"end":{"line":71,"column":1}},"line":6},"1":{"name":"getNumberInput","decl":{"start":{"line":10,"column":11},"end":{"line":10,"column":25}},"loc":{"start":{"line":10,"column":32},"end":{"line":13,"column":3}},"line":10},"2":{"name":"getOperatorInput","decl":{"start":{"line":15,"column":11},"end":{"line":15,"column":27}},"loc":{"start":{"line":15,"column":34},"end":{"line":26,"column":3}},"line":15},"3":{"name":"(anonymous_3)","decl":{"start":{"line":17,"column":6},"end":{"line":17,"column":7}},"loc":{"start":{"line":17,"column":20},"end":{"line":17,"column":37}},"line":17},"4":{"name":"performCalculation","decl":{"start":{"line":28,"column":11},"end":{"line":28,"column":29}},"loc":{"start":{"line":28,"column":32},"end":{"line":42,"column":3}},"line":28},"5":{"name":"clearOperands","decl":{"start":{"line":44,"column":11},"end":{"line":44,"column":24}},"loc":{"start":{"line":44,"column":27},"end":{"line":46,"column":3}},"line":44},"6":{"name":"deleteCharacter","decl":{"start":{"line":48,"column":11},"end":{"line":48,"column":26}},"loc":{"start":{"line":48,"column":29},"end":{"line":50,"column":3}},"line":48}},"branchMap":{},"s":{"0":1,"1":1,"2":12,"3":12,"4":5,"5":7,"6":5,"7":5,"8":5,"9":5,"10":5,"11":16,"12":16,"13":16,"14":16,"15":16,"16":1,"17":3,"18":1,"19":1,"20":1,"21":1,"22":1,"23":1},"f":{"0":1,"1":12,"2":5,"3":7,"4":16,"5":1,"6":3},"b":{},"_coverageSchema":"1a1c01bbd47fc00a2c39e90264f33305004495a9","hash":"9fe4de404bb331045000ea6822f1b8512a5d6e88"}
,"/Users/romanusov/code/js_studies/ru-calculator/src/calculations/SolveMath.js": {"path":"/Users/romanusov/code/js_studies/ru-calculator/src/calculations/SolveMath.js","statementMap":{"0":{"start":{"line":7,"column":4},"end":{"line":22,"column":5}},"1":{"start":{"line":9,"column":8},"end":{"line":9,"column":50}},"2":{"start":{"line":10,"column":8},"end":{"line":10,"column":14}},"3":{"start":{"line":12,"column":8},"end":{"line":12,"column":55}},"4":{"start":{"line":13,"column":8},"end":{"line":13,"column":14}},"5":{"start":{"line":15,"column":8},"end":{"line":15,"column":55}},"6":{"start":{"line":16,"column":8},"end":{"line":16,"column":14}},"7":{"start":{"line":18,"column":8},"end":{"line":18,"column":53}},"8":{"start":{"line":19,"column":8},"end":{"line":19,"column":14}},"9":{"start":{"line":21,"column":8},"end":{"line":21,"column":21}},"10":{"start":{"line":24,"column":4},"end":{"line":24,"column":42}}},"fnMap":{"0":{"name":"(anonymous_0)","decl":{"start":{"line":5,"column":2},"end":{"line":5,"column":3}},"loc":{"start":{"line":5,"column":58},"end":{"line":25,"column":3}},"line":5}},"branchMap":{"0":{"loc":{"start":{"line":7,"column":4},"end":{"line":22,"column":5}},"type":"switch","locations":[{"start":{"line":8,"column":6},"end":{"line":10,"column":14}},{"start":{"line":11,"column":6},"end":{"line":13,"column":14}},{"start":{"line":14,"column":6},"end":{"line":16,"column":14}},{"start":{"line":17,"column":6},"end":{"line":19,"column":14}},{"start":{"line":20,"column":6},"end":{"line":21,"column":21}}],"line":7}},"s":{"0":16,"1":3,"2":3,"3":4,"4":4,"5":2,"6":2,"7":6,"8":6,"9":1,"10":16},"f":{"0":16},"b":{"0":[3,4,2,6,1]},"_coverageSchema":"1a1c01bbd47fc00a2c39e90264f33305004495a9","hash":"1abbf04f865a50cd3c0e8463e696e17b06dcd5dd"}
,"/Users/romanusov/code/js_studies/ru-calculator/src/config-helpers/config.js": {"path":"/Users/romanusov/code/js_studies/ru-calculator/src/config-helpers/config.js","statementMap":{},"fnMap":{},"branchMap":{},"s":{},"f":{},"b":{},"_coverageSchema":"1a1c01bbd47fc00a2c39e90264f33305004495a9","hash":"615a0f7d8565c251dba482dbb7b6093f97730ce8"}
,"/Users/romanusov/code/js_studies/ru-calculator/src/config-helpers/helpers.js": {"path":"/Users/romanusov/code/js_studies/ru-calculator/src/config-helpers/helpers.js","statementMap":{"0":{"start":{"line":6,"column":25},"end":{"line":6,"column":78}},"1":{"start":{"line":8,"column":22},"end":{"line":8,"column":59}},"2":{"start":{"line":10,"column":37},"end":{"line":10,"column":62}},"3":{"start":{"line":12,"column":2},"end":{"line":16,"column":3}},"4":{"start":{"line":13,"column":4},"end":{"line":15,"column":7}},"5":{"start":{"line":18,"column":28},"end":{"line":18,"column":49}},"6":{"start":{"line":20,"column":24},"end":{"line":20,"column":26}},"7":{"start":{"line":22,"column":2},"end":{"line":26,"column":3}},"8":{"start":{"line":23,"column":4},"end":{"line":25,"column":36}},"9":{"start":{"line":28,"column":2},"end":{"line":30,"column":5}},"10":{"start":{"line":34,"column":2},"end":{"line":36,"column":3}},"11":{"start":{"line":35,"column":4},"end":{"line":35,"column":38}},"12":{"start":{"line":37,"column":2},"end":{"line":37,"column":16}}},"fnMap":{"0":{"name":"formatNumber","decl":{"start":{"line":3,"column":16},"end":{"line":3,"column":28}},"loc":{"start":{"line":3,"column":37},"end":{"line":31,"column":1}},"line":3},"1":{"name":"unformatNumber","decl":{"start":{"line":33,"column":16},"end":{"line":33,"column":30}},"loc":{"start":{"line":33,"column":39},"end":{"line":38,"column":1}},"line":33}},"branchMap":{"0":{"loc":{"start":{"line":6,"column":25},"end":{"line":6,"column":78}},"type":"cond-expr","locations":[{"start":{"line":6,"column":54},"end":{"line":6,"column":69}},{"start":{"line":6,"column":72},"end":{"line":6,"column":78}}],"line":6},"1":{"loc":{"start":{"line":8,"column":22},"end":{"line":8,"column":59}},"type":"cond-expr","locations":[{"start":{"line":8,"column":51},"end":{"line":8,"column":54}},{"start":{"line":8,"column":57},"end":{"line":8,"column":59}}],"line":8},"2":{"loc":{"start":{"line":12,"column":2},"end":{"line":16,"column":3}},"type":"if","locations":[{"start":{"line":12,"column":2},"end":{"line":16,"column":3}},{"start":{},"end":{}}],"line":12},"3":{"loc":{"start":{"line":12,"column":6},"end":{"line":12,"column":56}},"type":"binary-expr","locations":[{"start":{"line":12,"column":6},"end":{"line":12,"column":29}},{"start":{"line":12,"column":33},"end":{"line":12,"column":56}}],"line":12},"4":{"loc":{"start":{"line":14,"column":6},"end":{"line":14,"column":50}},"type":"cond-expr","locations":[{"start":{"line":14,"column":28},"end":{"line":14,"column":45}},{"start":{"line":14,"column":48},"end":{"line":14,"column":50}}],"line":14},"5":{"loc":{"start":{"line":29,"column":4},"end":{"line":29,"column":48}},"type":"cond-expr","locations":[{"start":{"line":29,"column":26},"end":{"line":29,"column":43}},{"start":{"line":29,"column":46},"end":{"line":29,"column":48}}],"line":29},"6":{"loc":{"start":{"line":34,"column":2},"end":{"line":36,"column":3}},"type":"if","locations":[{"start":{"line":34,"column":2},"end":{"line":36,"column":3}},{"start":{},"end":{}}],"line":34}},"s":{"0":52,"1":52,"2":52,"3":52,"4":40,"5":12,"6":12,"7":12,"8":14,"9":12,"10":21,"11":6,"12":15},"f":{"0":52,"1":21},"b":{"0":[8,44],"1":[8,44],"2":[40,12],"3":[52,43],"4":[9,31],"5":[3,9],"6":[6,15]},"_coverageSchema":"1a1c01bbd47fc00a2c39e90264f33305004495a9","hash":"433dad47a25ae63701be8f70b019779eb838d11c"}
,"/Users/romanusov/code/js_studies/ru-calculator/src/data/Calculator.js": {"path":"/Users/romanusov/code/js_studies/ru-calculator/src/data/Calculator.js","statementMap":{"0":{"start":{"line":4,"column":20},"end":{"line":4,"column":22}},"1":{"start":{"line":6,"column":22},"end":{"line":6,"column":24}},"2":{"start":{"line":8,"column":14},"end":{"line":8,"column":16}},"3":{"start":{"line":11,"column":4},"end":{"line":11,"column":30}},"4":{"start":{"line":13,"column":4},"end":{"line":13,"column":32}},"5":{"start":{"line":15,"column":4},"end":{"line":15,"column":24}},"6":{"start":{"line":19,"column":4},"end":{"line":23,"column":5}},"7":{"start":{"line":20,"column":6},"end":{"line":20,"column":63}},"8":{"start":{"line":22,"column":6},"end":{"line":22,"column":33}},"9":{"start":{"line":27,"column":4},"end":{"line":27,"column":32}},"10":{"start":{"line":31,"column":4},"end":{"line":31,"column":77}},"11":{"start":{"line":31,"column":70},"end":{"line":31,"column":77}},"12":{"start":{"line":33,"column":4},"end":{"line":37,"column":5}},"13":{"start":{"line":34,"column":6},"end":{"line":34,"column":36}},"14":{"start":{"line":36,"column":6},"end":{"line":36,"column":13}},"15":{"start":{"line":39,"column":4},"end":{"line":43,"column":5}},"16":{"start":{"line":40,"column":6},"end":{"line":40,"column":32}},"17":{"start":{"line":42,"column":6},"end":{"line":42,"column":13}},"18":{"start":{"line":45,"column":4},"end":{"line":51,"column":5}},"19":{"start":{"line":46,"column":6},"end":{"line":46,"column":41}},"20":{"start":{"line":47,"column":11},"end":{"line":51,"column":5}},"21":{"start":{"line":48,"column":6},"end":{"line":48,"column":35}},"22":{"start":{"line":50,"column":6},"end":{"line":50,"column":36}},"23":{"start":{"line":55,"column":4},"end":{"line":55,"column":34}},"24":{"start":{"line":60,"column":6},"end":{"line":60,"column":69}},"25":{"start":{"line":62,"column":4},"end":{"line":62,"column":40}},"26":{"start":{"line":66,"column":4},"end":{"line":66,"column":26}},"27":{"start":{"line":70,"column":4},"end":{"line":70,"column":38}},"28":{"start":{"line":70,"column":31},"end":{"line":70,"column":38}},"29":{"start":{"line":71,"column":4},"end":{"line":71,"column":27}}},"fnMap":{"0":{"name":"(anonymous_0)","decl":{"start":{"line":10,"column":2},"end":{"line":10,"column":3}},"loc":{"start":{"line":10,"column":10},"end":{"line":16,"column":3}},"line":10},"1":{"name":"(anonymous_1)","decl":{"start":{"line":18,"column":2},"end":{"line":18,"column":3}},"loc":{"start":{"line":18,"column":11},"end":{"line":24,"column":3}},"line":18},"2":{"name":"(anonymous_2)","decl":{"start":{"line":26,"column":2},"end":{"line":26,"column":3}},"loc":{"start":{"line":26,"column":23},"end":{"line":28,"column":3}},"line":26},"3":{"name":"(anonymous_3)","decl":{"start":{"line":30,"column":2},"end":{"line":30,"column":3}},"loc":{"start":{"line":30,"column":28},"end":{"line":52,"column":3}},"line":30},"4":{"name":"(anonymous_4)","decl":{"start":{"line":54,"column":2},"end":{"line":54,"column":3}},"loc":{"start":{"line":54,"column":25},"end":{"line":56,"column":3}},"line":54},"5":{"name":"(anonymous_5)","decl":{"start":{"line":58,"column":2},"end":{"line":58,"column":3}},"loc":{"start":{"line":58,"column":30},"end":{"line":63,"column":3}},"line":58},"6":{"name":"(anonymous_6)","decl":{"start":{"line":65,"column":2},"end":{"line":65,"column":3}},"loc":{"start":{"line":65,"column":17},"end":{"line":67,"column":3}},"line":65},"7":{"name":"(anonymous_7)","decl":{"start":{"line":69,"column":2},"end":{"line":69,"column":3}},"loc":{"start":{"line":69,"column":22},"end":{"line":72,"column":3}},"line":69}},"branchMap":{"0":{"loc":{"start":{"line":19,"column":4},"end":{"line":23,"column":5}},"type":"if","locations":[{"start":{"line":19,"column":4},"end":{"line":23,"column":5}},{"start":{"line":21,"column":11},"end":{"line":23,"column":5}}],"line":19},"1":{"loc":{"start":{"line":31,"column":4},"end":{"line":31,"column":77}},"type":"if","locations":[{"start":{"line":31,"column":4},"end":{"line":31,"column":77}},{"start":{},"end":{}}],"line":31},"2":{"loc":{"start":{"line":31,"column":8},"end":{"line":31,"column":68}},"type":"binary-expr","locations":[{"start":{"line":31,"column":8},"end":{"line":31,"column":32}},{"start":{"line":31,"column":36},"end":{"line":31,"column":68}}],"line":31},"3":{"loc":{"start":{"line":33,"column":4},"end":{"line":37,"column":5}},"type":"if","locations":[{"start":{"line":33,"column":4},"end":{"line":37,"column":5}},{"start":{},"end":{}}],"line":33},"4":{"loc":{"start":{"line":33,"column":8},"end":{"line":33,"column":64}},"type":"binary-expr","locations":[{"start":{"line":33,"column":8},"end":{"line":33,"column":32}},{"start":{"line":33,"column":36},"end":{"line":33,"column":64}}],"line":33},"5":{"loc":{"start":{"line":39,"column":4},"end":{"line":43,"column":5}},"type":"if","locations":[{"start":{"line":39,"column":4},"end":{"line":43,"column":5}},{"start":{},"end":{}}],"line":39},"6":{"loc":{"start":{"line":45,"column":4},"end":{"line":51,"column":5}},"type":"if","locations":[{"start":{"line":45,"column":4},"end":{"line":51,"column":5}},{"start":{"line":47,"column":11},"end":{"line":51,"column":5}}],"line":45},"7":{"loc":{"start":{"line":45,"column":8},"end":{"line":45,"column":62}},"type":"binary-expr","locations":[{"start":{"line":45,"column":8},"end":{"line":45,"column":34}},{"start":{"line":45,"column":38},"end":{"line":45,"column":62}}],"line":45},"8":{"loc":{"start":{"line":47,"column":11},"end":{"line":51,"column":5}},"type":"if","locations":[{"start":{"line":47,"column":11},"end":{"line":51,"column":5}},{"start":{"line":49,"column":11},"end":{"line":51,"column":5}}],"line":47},"9":{"loc":{"start":{"line":47,"column":15},"end":{"line":47,"column":74}},"type":"binary-expr","locations":[{"start":{"line":47,"column":15},"end":{"line":47,"column":42}},{"start":{"line":47,"column":46},"end":{"line":47,"column":74}}],"line":47},"10":{"loc":{"start":{"line":60,"column":6},"end":{"line":60,"column":69}},"type":"cond-expr","locations":[{"start":{"line":60,"column":43},"end":{"line":60,"column":61}},{"start":{"line":60,"column":64},"end":{"line":60,"column":69}}],"line":60},"11":{"loc":{"start":{"line":70,"column":4},"end":{"line":70,"column":38}},"type":"if","locations":[{"start":{"line":70,"column":4},"end":{"line":70,"column":38}},{"start":{},"end":{}}],"line":70}},"s":{"0":1,"1":1,"2":1,"3":48,"4":48,"5":48,"6":3,"7":2,"8":1,"9":100,"10":62,"11":1,"12":61,"13":1,"14":1,"15":60,"16":5,"17":5,"18":55,"19":1,"20":54,"21":46,"22":8,"23":26,"24":24,"25":24,"26":27,"27":25,"28":1,"29":24},"f":{"0":48,"1":3,"2":100,"3":62,"4":26,"5":24,"6":27,"7":25},"b":{"0":[2,1],"1":[1,61],"2":[62,4],"3":[1,60],"4":[61,3],"5":[5,55],"6":[1,54],"7":[55,47],"8":[46,8],"9":[54,8],"10":[1,23],"11":[1,24]},"_coverageSchema":"1a1c01bbd47fc00a2c39e90264f33305004495a9","hash":"19bfbce0b7dccb0f062d605708dd4a203a6c3039"}
,"/Users/romanusov/code/js_studies/ru-calculator/src/view/ControlUI.js": {"path":"/Users/romanusov/code/js_studies/ru-calculator/src/view/ControlUI.js","statementMap":{"0":{"start":{"line":6,"column":4},"end":{"line":6,"column":63}},"1":{"start":{"line":7,"column":4},"end":{"line":7,"column":67}},"2":{"start":{"line":8,"column":4},"end":{"line":8,"column":57}},"3":{"start":{"line":9,"column":4},"end":{"line":9,"column":70}},"4":{"start":{"line":10,"column":4},"end":{"line":10,"column":74}},"5":{"start":{"line":11,"column":4},"end":{"line":11,"column":58}},"6":{"start":{"line":12,"column":4},"end":{"line":12,"column":61}},"7":{"start":{"line":13,"column":4},"end":{"line":13,"column":59}},"8":{"start":{"line":17,"column":4},"end":{"line":33,"column":7}},"9":{"start":{"line":18,"column":6},"end":{"line":32,"column":9}},"10":{"start":{"line":19,"column":24},"end":{"line":19,"column":32}},"11":{"start":{"line":21,"column":27},"end":{"line":21,"column":59}},"12":{"start":{"line":23,"column":8},"end":{"line":23,"column":32}},"13":{"start":{"line":23,"column":25},"end":{"line":23,"column":32}},"14":{"start":{"line":25,"column":22},"end":{"line":25,"column":41}},"15":{"start":{"line":27,"column":8},"end":{"line":31,"column":9}},"16":{"start":{"line":28,"column":10},"end":{"line":28,"column":25}},"17":{"start":{"line":30,"column":10},"end":{"line":30,"column":40}},"18":{"start":{"line":37,"column":4},"end":{"line":52,"column":7}},"19":{"start":{"line":38,"column":6},"end":{"line":51,"column":9}},"20":{"start":{"line":39,"column":24},"end":{"line":39,"column":32}},"21":{"start":{"line":40,"column":29},"end":{"line":40,"column":63}},"22":{"start":{"line":42,"column":8},"end":{"line":42,"column":34}},"23":{"start":{"line":42,"column":27},"end":{"line":42,"column":34}},"24":{"start":{"line":44,"column":22},"end":{"line":44,"column":41}},"25":{"start":{"line":46,"column":8},"end":{"line":50,"column":9}},"26":{"start":{"line":47,"column":10},"end":{"line":47,"column":34}},"27":{"start":{"line":49,"column":10},"end":{"line":49,"column":25}},"28":{"start":{"line":56,"column":4},"end":{"line":68,"column":7}},"29":{"start":{"line":57,"column":22},"end":{"line":57,"column":30}},"30":{"start":{"line":59,"column":24},"end":{"line":59,"column":56}},"31":{"start":{"line":61,"column":6},"end":{"line":61,"column":29}},"32":{"start":{"line":61,"column":22},"end":{"line":61,"column":29}},"33":{"start":{"line":63,"column":20},"end":{"line":63,"column":39}},"34":{"start":{"line":65,"column":6},"end":{"line":67,"column":7}},"35":{"start":{"line":66,"column":8},"end":{"line":66,"column":23}},"36":{"start":{"line":72,"column":4},"end":{"line":83,"column":7}},"37":{"start":{"line":73,"column":22},"end":{"line":73,"column":30}},"38":{"start":{"line":75,"column":24},"end":{"line":75,"column":59}},"39":{"start":{"line":77,"column":6},"end":{"line":77,"column":29}},"40":{"start":{"line":77,"column":22},"end":{"line":77,"column":29}},"41":{"start":{"line":79,"column":20},"end":{"line":79,"column":39}},"42":{"start":{"line":81,"column":6},"end":{"line":81,"column":27}},"43":{"start":{"line":82,"column":6},"end":{"line":82,"column":21}},"44":{"start":{"line":87,"column":4},"end":{"line":97,"column":7}},"45":{"start":{"line":88,"column":22},"end":{"line":88,"column":30}},"46":{"start":{"line":90,"column":25},"end":{"line":90,"column":57}},"47":{"start":{"line":92,"column":6},"end":{"line":92,"column":30}},"48":{"start":{"line":92,"column":23},"end":{"line":92,"column":30}},"49":{"start":{"line":94,"column":6},"end":{"line":94,"column":29}},"50":{"start":{"line":96,"column":6},"end":{"line":96,"column":16}},"51":{"start":{"line":101,"column":4},"end":{"line":109,"column":5}},"52":{"start":{"line":102,"column":23},"end":{"line":104,"column":7}},"53":{"start":{"line":106,"column":6},"end":{"line":106,"column":65}},"54":{"start":{"line":108,"column":6},"end":{"line":108,"column":46}},"55":{"start":{"line":113,"column":25},"end":{"line":113,"column":58}},"56":{"start":{"line":115,"column":4},"end":{"line":127,"column":5}},"57":{"start":{"line":116,"column":6},"end":{"line":116,"column":46}},"58":{"start":{"line":117,"column":11},"end":{"line":127,"column":5}},"59":{"start":{"line":118,"column":6},"end":{"line":118,"column":62}},"60":{"start":{"line":119,"column":11},"end":{"line":127,"column":5}},"61":{"start":{"line":124,"column":8},"end":{"line":124,"column":65}},"62":{"start":{"line":126,"column":6},"end":{"line":126,"column":65}},"63":{"start":{"line":131,"column":4},"end":{"line":134,"column":44}},"64":{"start":{"line":138,"column":4},"end":{"line":138,"column":51}},"65":{"start":{"line":138,"column":44},"end":{"line":138,"column":51}},"66":{"start":{"line":140,"column":4},"end":{"line":140,"column":40}},"67":{"start":{"line":142,"column":4},"end":{"line":142,"column":31}},"68":{"start":{"line":144,"column":4},"end":{"line":144,"column":34}},"69":{"start":{"line":148,"column":4},"end":{"line":148,"column":44}},"70":{"start":{"line":150,"column":4},"end":{"line":150,"column":45}},"71":{"start":{"line":152,"column":4},"end":{"line":152,"column":37}}},"fnMap":{"0":{"name":"(anonymous_0)","decl":{"start":{"line":5,"column":2},"end":{"line":5,"column":3}},"loc":{"start":{"line":5,"column":34},"end":{"line":14,"column":3}},"line":5},"1":{"name":"(anonymous_1)","decl":{"start":{"line":16,"column":2},"end":{"line":16,"column":3}},"loc":{"start":{"line":16,"column":36},"end":{"line":34,"column":3}},"line":16},"2":{"name":"(anonymous_2)","decl":{"start":{"line":17,"column":27},"end":{"line":17,"column":28}},"loc":{"start":{"line":17,"column":41},"end":{"line":33,"column":5}},"line":17},"3":{"name":"(anonymous_3)","decl":{"start":{"line":18,"column":41},"end":{"line":18,"column":42}},"loc":{"start":{"line":18,"column":48},"end":{"line":32,"column":7}},"line":18},"4":{"name":"(anonymous_4)","decl":{"start":{"line":36,"column":2},"end":{"line":36,"column":3}},"loc":{"start":{"line":36,"column":38},"end":{"line":53,"column":3}},"line":36},"5":{"name":"(anonymous_5)","decl":{"start":{"line":37,"column":29},"end":{"line":37,"column":30}},"loc":{"start":{"line":37,"column":45},"end":{"line":52,"column":5}},"line":37},"6":{"name":"(anonymous_6)","decl":{"start":{"line":38,"column":43},"end":{"line":38,"column":44}},"loc":{"start":{"line":38,"column":50},"end":{"line":51,"column":7}},"line":38},"7":{"name":"(anonymous_7)","decl":{"start":{"line":55,"column":2},"end":{"line":55,"column":3}},"loc":{"start":{"line":55,"column":30},"end":{"line":69,"column":3}},"line":55},"8":{"name":"(anonymous_8)","decl":{"start":{"line":56,"column":43},"end":{"line":56,"column":44}},"loc":{"start":{"line":56,"column":50},"end":{"line":68,"column":5}},"line":56},"9":{"name":"(anonymous_9)","decl":{"start":{"line":71,"column":2},"end":{"line":71,"column":3}},"loc":{"start":{"line":71,"column":35},"end":{"line":84,"column":3}},"line":71},"10":{"name":"(anonymous_10)","decl":{"start":{"line":72,"column":43},"end":{"line":72,"column":44}},"loc":{"start":{"line":72,"column":50},"end":{"line":83,"column":5}},"line":72},"11":{"name":"(anonymous_11)","decl":{"start":{"line":86,"column":2},"end":{"line":86,"column":3}},"loc":{"start":{"line":86,"column":36},"end":{"line":98,"column":3}},"line":86},"12":{"name":"(anonymous_12)","decl":{"start":{"line":87,"column":44},"end":{"line":87,"column":45}},"loc":{"start":{"line":87,"column":51},"end":{"line":97,"column":5}},"line":87},"13":{"name":"(anonymous_13)","decl":{"start":{"line":100,"column":2},"end":{"line":100,"column":3}},"loc":{"start":{"line":100,"column":20},"end":{"line":110,"column":3}},"line":100},"14":{"name":"(anonymous_14)","decl":{"start":{"line":112,"column":2},"end":{"line":112,"column":3}},"loc":{"start":{"line":112,"column":27},"end":{"line":128,"column":3}},"line":112},"15":{"name":"(anonymous_15)","decl":{"start":{"line":130,"column":2},"end":{"line":130,"column":3}},"loc":{"start":{"line":130,"column":24},"end":{"line":135,"column":3}},"line":130},"16":{"name":"(anonymous_16)","decl":{"start":{"line":137,"column":2},"end":{"line":137,"column":3}},"loc":{"start":{"line":137,"column":21},"end":{"line":145,"column":3}},"line":137},"17":{"name":"(anonymous_17)","decl":{"start":{"line":147,"column":2},"end":{"line":147,"column":3}},"loc":{"start":{"line":147,"column":18},"end":{"line":153,"column":3}},"line":147}},"branchMap":{"0":{"loc":{"start":{"line":5,"column":14},"end":{"line":5,"column":32}},"type":"default-arg","locations":[{"start":{"line":5,"column":24},"end":{"line":5,"column":32}}],"line":5},"1":{"loc":{"start":{"line":23,"column":8},"end":{"line":23,"column":32}},"type":"if","locations":[{"start":{"line":23,"column":8},"end":{"line":23,"column":32}},{"start":{},"end":{}}],"line":23},"2":{"loc":{"start":{"line":27,"column":8},"end":{"line":31,"column":9}},"type":"if","locations":[{"start":{"line":27,"column":8},"end":{"line":31,"column":9}},{"start":{},"end":{}}],"line":27},"3":{"loc":{"start":{"line":42,"column":8},"end":{"line":42,"column":34}},"type":"if","locations":[{"start":{"line":42,"column":8},"end":{"line":42,"column":34}},{"start":{},"end":{}}],"line":42},"4":{"loc":{"start":{"line":46,"column":8},"end":{"line":50,"column":9}},"type":"if","locations":[{"start":{"line":46,"column":8},"end":{"line":50,"column":9}},{"start":{},"end":{}}],"line":46},"5":{"loc":{"start":{"line":61,"column":6},"end":{"line":61,"column":29}},"type":"if","locations":[{"start":{"line":61,"column":6},"end":{"line":61,"column":29}},{"start":{},"end":{}}],"line":61},"6":{"loc":{"start":{"line":65,"column":6},"end":{"line":67,"column":7}},"type":"if","locations":[{"start":{"line":65,"column":6},"end":{"line":67,"column":7}},{"start":{},"end":{}}],"line":65},"7":{"loc":{"start":{"line":65,"column":10},"end":{"line":65,"column":76}},"type":"binary-expr","locations":[{"start":{"line":65,"column":10},"end":{"line":65,"column":45}},{"start":{"line":65,"column":49},"end":{"line":65,"column":76}}],"line":65},"8":{"loc":{"start":{"line":77,"column":6},"end":{"line":77,"column":29}},"type":"if","locations":[{"start":{"line":77,"column":6},"end":{"line":77,"column":29}},{"start":{},"end":{}}],"line":77},"9":{"loc":{"start":{"line":92,"column":6},"end":{"line":92,"column":30}},"type":"if","locations":[{"start":{"line":92,"column":6},"end":{"line":92,"column":30}},{"start":{},"end":{}}],"line":92},"10":{"loc":{"start":{"line":101,"column":4},"end":{"line":109,"column":5}},"type":"if","locations":[{"start":{"line":101,"column":4},"end":{"line":109,"column":5}},{"start":{"line":107,"column":11},"end":{"line":109,"column":5}}],"line":101},"11":{"loc":{"start":{"line":115,"column":4},"end":{"line":127,"column":5}},"type":"if","locations":[{"start":{"line":115,"column":4},"end":{"line":127,"column":5}},{"start":{"line":117,"column":11},"end":{"line":127,"column":5}}],"line":115},"12":{"loc":{"start":{"line":117,"column":11},"end":{"line":127,"column":5}},"type":"if","locations":[{"start":{"line":117,"column":11},"end":{"line":127,"column":5}},{"start":{"line":119,"column":11},"end":{"line":127,"column":5}}],"line":117},"13":{"loc":{"start":{"line":117,"column":15},"end":{"line":117,"column":63}},"type":"binary-expr","locations":[{"start":{"line":117,"column":15},"end":{"line":117,"column":35}},{"start":{"line":117,"column":39},"end":{"line":117,"column":63}}],"line":117},"14":{"loc":{"start":{"line":119,"column":11},"end":{"line":127,"column":5}},"type":"if","locations":[{"start":{"line":119,"column":11},"end":{"line":127,"column":5}},{"start":{},"end":{}}],"line":119},"15":{"loc":{"start":{"line":120,"column":6},"end":{"line":121,"column":30}},"type":"binary-expr","locations":[{"start":{"line":120,"column":7},"end":{"line":120,"column":31}},{"start":{"line":120,"column":35},"end":{"line":120,"column":60}},{"start":{"line":121,"column":6},"end":{"line":121,"column":30}}],"line":120},"16":{"loc":{"start":{"line":132,"column":6},"end":{"line":134,"column":43}},"type":"cond-expr","locations":[{"start":{"line":133,"column":10},"end":{"line":133,"column":56}},{"start":{"line":134,"column":10},"end":{"line":134,"column":43}}],"line":132},"17":{"loc":{"start":{"line":138,"column":4},"end":{"line":138,"column":51}},"type":"if","locations":[{"start":{"line":138,"column":4},"end":{"line":138,"column":51}},{"start":{},"end":{}}],"line":138}},"s":{"0":1,"1":1,"2":1,"3":1,"4":1,"5":1,"6":1,"7":1,"8":1,"9":11,"10":0,"11":0,"12":0,"13":0,"14":0,"15":0,"16":0,"17":0,"18":1,"19":4,"20":0,"21":0,"22":0,"23":0,"24":0,"25":0,"26":0,"27":0,"28":1,"29":0,"30":0,"31":0,"32":0,"33":0,"34":0,"35":0,"36":1,"37":0,"38":0,"39":0,"40":0,"41":0,"42":0,"43":0,"44":1,"45":0,"46":0,"47":0,"48":0,"49":0,"50":0,"51":3,"52":2,"53":2,"54":1,"55":57,"56":57,"57":6,"58":51,"59":31,"60":20,"61":19,"62":19,"63":8,"64":7,"65":0,"66":7,"67":7,"68":7,"69":33,"70":33,"71":33},"f":{"0":1,"1":1,"2":11,"3":0,"4":1,"5":4,"6":0,"7":1,"8":0,"9":1,"10":0,"11":1,"12":0,"13":3,"14":57,"15":8,"16":7,"17":33},"b":{"0":[0],"1":[0,0],"2":[0,0],"3":[0,0],"4":[0,0],"5":[0,0],"6":[0,0],"7":[0,0],"8":[0,0],"9":[0,0],"10":[2,1],"11":[6,51],"12":[31,20],"13":[51,32],"14":[19,1],"15":[20,4,17],"16":[1,7],"17":[0,7]},"_coverageSchema":"1a1c01bbd47fc00a2c39e90264f33305004495a9","hash":"04bcbf4f09bfb60dca11b25deeeacd60f52764a5"}
}
