{"/Users/romanusov/code/js_studies/ru-calculator-v2/src/init.js": {"path":"/Users/romanusov/code/js_studies/ru-calculator-v2/src/init.js","statementMap":{"0":{"start":{"line":4,"column":32},"end":{"line":4,"column":73}},"1":{"start":{"line":5,"column":34},"end":{"line":5,"column":77}},"2":{"start":{"line":6,"column":26},"end":{"line":6,"column":60}},"3":{"start":{"line":8,"column":21},"end":{"line":12,"column":3}},"4":{"start":{"line":14,"column":2},"end":{"line":34,"column":5}},"5":{"start":{"line":15,"column":4},"end":{"line":17,"column":5}},"6":{"start":{"line":16,"column":6},"end":{"line":16,"column":25}},"7":{"start":{"line":19,"column":4},"end":{"line":21,"column":5}},"8":{"start":{"line":20,"column":6},"end":{"line":20,"column":26}},"9":{"start":{"line":23,"column":4},"end":{"line":25,"column":5}},"10":{"start":{"line":24,"column":6},"end":{"line":24,"column":55}},"11":{"start":{"line":27,"column":4},"end":{"line":29,"column":5}},"12":{"start":{"line":28,"column":6},"end":{"line":28,"column":49}},"13":{"start":{"line":31,"column":4},"end":{"line":33,"column":5}},"14":{"start":{"line":32,"column":6},"end":{"line":32,"column":28}},"15":{"start":{"line":35,"column":2},"end":{"line":37,"column":4}}},"fnMap":{"0":{"name":"init","decl":{"start":{"line":3,"column":24},"end":{"line":3,"column":28}},"loc":{"start":{"line":3,"column":49},"end":{"line":38,"column":1}},"line":3},"1":{"name":"(anonymous_1)","decl":{"start":{"line":14,"column":36},"end":{"line":14,"column":37}},"loc":{"start":{"line":14,"column":43},"end":{"line":34,"column":3}},"line":14}},"branchMap":{"0":{"loc":{"start":{"line":3,"column":29},"end":{"line":3,"column":47}},"type":"default-arg","locations":[{"start":{"line":3,"column":39},"end":{"line":3,"column":47}}],"line":3},"1":{"loc":{"start":{"line":15,"column":4},"end":{"line":17,"column":5}},"type":"if","locations":[{"start":{"line":15,"column":4},"end":{"line":17,"column":5}},{"start":{},"end":{}}],"line":15},"2":{"loc":{"start":{"line":19,"column":4},"end":{"line":21,"column":5}},"type":"if","locations":[{"start":{"line":19,"column":4},"end":{"line":21,"column":5}},{"start":{},"end":{}}],"line":19},"3":{"loc":{"start":{"line":23,"column":4},"end":{"line":25,"column":5}},"type":"if","locations":[{"start":{"line":23,"column":4},"end":{"line":25,"column":5}},{"start":{},"end":{}}],"line":23},"4":{"loc":{"start":{"line":27,"column":4},"end":{"line":29,"column":5}},"type":"if","locations":[{"start":{"line":27,"column":4},"end":{"line":29,"column":5}},{"start":{},"end":{}}],"line":27},"5":{"loc":{"start":{"line":31,"column":4},"end":{"line":33,"column":5}},"type":"if","locations":[{"start":{"line":31,"column":4},"end":{"line":33,"column":5}},{"start":{},"end":{}}],"line":31}},"s":{"0":2,"1":2,"2":2,"3":2,"4":2,"5":5,"6":1,"7":5,"8":1,"9":5,"10":1,"11":5,"12":1,"13":5,"14":1,"15":2},"f":{"0":2,"1":5},"b":{"0":[0],"1":[1,4],"2":[1,4],"3":[1,4],"4":[1,4],"5":[1,4]},"_coverageSchema":"1a1c01bbd47fc00a2c39e90264f33305004495a9","hash":"96610d545e372207bce6d47d62e46f56171523f8"}
,"/Users/romanusov/code/js_studies/ru-calculator-v2/src/__tests__/testHelper.js": {"path":"/Users/romanusov/code/js_studies/ru-calculator-v2/src/__tests__/testHelper.js","statementMap":{"0":{"start":{"line":7,"column":15},"end":{"line":7,"column":27}},"1":{"start":{"line":8,"column":28},"end":{"line":8,"column":34}},"2":{"start":{"line":10,"column":0},"end":{"line":38,"column":2}},"3":{"start":{"line":40,"column":30},"end":{"line":40,"column":44}}},"fnMap":{},"branchMap":{},"s":{"0":2,"1":2,"2":2,"3":2},"f":{},"b":{},"_coverageSchema":"1a1c01bbd47fc00a2c39e90264f33305004495a9","hash":"886cef6607fbda109933f0f9bfaa4850690b8fc7"}
,"/Users/romanusov/code/js_studies/ru-calculator-v2/src/config-helpers/config.js": {"path":"/Users/romanusov/code/js_studies/ru-calculator-v2/src/config-helpers/config.js","statementMap":{},"fnMap":{},"branchMap":{},"s":{},"f":{},"b":{},"_coverageSchema":"1a1c01bbd47fc00a2c39e90264f33305004495a9","hash":"2ac9eaee31c39fb0754aba04e98dc90f14ca83af"}
,"/Users/romanusov/code/js_studies/ru-calculator-v2/src/logic/Calculator.js": {"path":"/Users/romanusov/code/js_studies/ru-calculator-v2/src/logic/Calculator.js","statementMap":{"0":{"start":{"line":12,"column":4},"end":{"line":12,"column":56}},"1":{"start":{"line":13,"column":4},"end":{"line":13,"column":60}},"2":{"start":{"line":14,"column":4},"end":{"line":14,"column":44}},"3":{"start":{"line":18,"column":4},"end":{"line":18,"column":44}},"4":{"start":{"line":18,"column":27},"end":{"line":18,"column":44}},"5":{"start":{"line":20,"column":39},"end":{"line":20,"column":59}},"6":{"start":{"line":22,"column":4},"end":{"line":22,"column":50}},"7":{"start":{"line":22,"column":33},"end":{"line":22,"column":50}},"8":{"start":{"line":24,"column":4},"end":{"line":26,"column":7}},"9":{"start":{"line":30,"column":4},"end":{"line":30,"column":62}},"10":{"start":{"line":34,"column":4},"end":{"line":38,"column":5}},"11":{"start":{"line":35,"column":6},"end":{"line":35,"column":55}},"12":{"start":{"line":36,"column":6},"end":{"line":36,"column":66}},"13":{"start":{"line":37,"column":6},"end":{"line":37,"column":13}},"14":{"start":{"line":40,"column":4},"end":{"line":40,"column":65}},"15":{"start":{"line":40,"column":58},"end":{"line":40,"column":65}},"16":{"start":{"line":42,"column":4},"end":{"line":46,"column":5}},"17":{"start":{"line":43,"column":6},"end":{"line":43,"column":73}},"18":{"start":{"line":44,"column":6},"end":{"line":44,"column":65}},"19":{"start":{"line":45,"column":6},"end":{"line":45,"column":13}},"20":{"start":{"line":48,"column":4},"end":{"line":48,"column":64}},"21":{"start":{"line":50,"column":4},"end":{"line":52,"column":6}},"22":{"start":{"line":56,"column":4},"end":{"line":56,"column":66}},"23":{"start":{"line":60,"column":4},"end":{"line":60,"column":51}},"24":{"start":{"line":64,"column":4},"end":{"line":64,"column":37}},"25":{"start":{"line":64,"column":30},"end":{"line":64,"column":37}},"26":{"start":{"line":66,"column":4},"end":{"line":66,"column":46}},"27":{"start":{"line":67,"column":4},"end":{"line":67,"column":52}},"28":{"start":{"line":69,"column":4},"end":{"line":72,"column":49}},"29":{"start":{"line":74,"column":4},"end":{"line":77,"column":30}},"30":{"start":{"line":79,"column":4},"end":{"line":79,"column":50}},"31":{"start":{"line":80,"column":4},"end":{"line":80,"column":61}},"32":{"start":{"line":84,"column":4},"end":{"line":84,"column":50}},"33":{"start":{"line":85,"column":4},"end":{"line":85,"column":61}},"34":{"start":{"line":87,"column":4},"end":{"line":87,"column":51}},"35":{"start":{"line":88,"column":4},"end":{"line":88,"column":64}},"36":{"start":{"line":90,"column":4},"end":{"line":90,"column":43}},"37":{"start":{"line":91,"column":4},"end":{"line":91,"column":49}},"38":{"start":{"line":95,"column":25},"end":{"line":95,"column":75}},"39":{"start":{"line":96,"column":21},"end":{"line":96,"column":46}},"40":{"start":{"line":98,"column":4},"end":{"line":99,"column":58}},"41":{"start":{"line":100,"column":4},"end":{"line":101,"column":39}},"42":{"start":{"line":107,"column":4},"end":{"line":122,"column":5}},"43":{"start":{"line":109,"column":8},"end":{"line":109,"column":65}},"44":{"start":{"line":110,"column":8},"end":{"line":110,"column":14}},"45":{"start":{"line":112,"column":8},"end":{"line":112,"column":70}},"46":{"start":{"line":113,"column":8},"end":{"line":113,"column":14}},"47":{"start":{"line":115,"column":8},"end":{"line":115,"column":70}},"48":{"start":{"line":116,"column":8},"end":{"line":116,"column":14}},"49":{"start":{"line":118,"column":8},"end":{"line":118,"column":68}},"50":{"start":{"line":119,"column":8},"end":{"line":119,"column":14}},"51":{"start":{"line":121,"column":8},"end":{"line":121,"column":21}},"52":{"start":{"line":124,"column":4},"end":{"line":124,"column":44}},"53":{"start":{"line":126,"column":4},"end":{"line":126,"column":17}},"54":{"start":{"line":128,"column":4},"end":{"line":128,"column":44}}},"fnMap":{"0":{"name":"(anonymous_0)","decl":{"start":{"line":11,"column":2},"end":{"line":11,"column":3}},"loc":{"start":{"line":11,"column":79},"end":{"line":15,"column":3}},"line":11},"1":{"name":"(anonymous_1)","decl":{"start":{"line":17,"column":2},"end":{"line":17,"column":3}},"loc":{"start":{"line":17,"column":26},"end":{"line":27,"column":3}},"line":17},"2":{"name":"(anonymous_2)","decl":{"start":{"line":29,"column":2},"end":{"line":29,"column":3}},"loc":{"start":{"line":29,"column":23},"end":{"line":31,"column":3}},"line":29},"3":{"name":"(anonymous_3)","decl":{"start":{"line":33,"column":2},"end":{"line":33,"column":3}},"loc":{"start":{"line":33,"column":28},"end":{"line":53,"column":3}},"line":33},"4":{"name":"(anonymous_4)","decl":{"start":{"line":55,"column":2},"end":{"line":55,"column":3}},"loc":{"start":{"line":55,"column":25},"end":{"line":57,"column":3}},"line":55},"5":{"name":"(anonymous_5)","decl":{"start":{"line":59,"column":2},"end":{"line":59,"column":3}},"loc":{"start":{"line":59,"column":17},"end":{"line":61,"column":3}},"line":59},"6":{"name":"(anonymous_6)","decl":{"start":{"line":63,"column":2},"end":{"line":63,"column":3}},"loc":{"start":{"line":63,"column":22},"end":{"line":81,"column":3}},"line":63},"7":{"name":"(anonymous_7)","decl":{"start":{"line":83,"column":2},"end":{"line":83,"column":3}},"loc":{"start":{"line":83,"column":10},"end":{"line":92,"column":3}},"line":83},"8":{"name":"(anonymous_8)","decl":{"start":{"line":94,"column":2},"end":{"line":94,"column":3}},"loc":{"start":{"line":94,"column":11},"end":{"line":102,"column":3}},"line":94},"9":{"name":"(anonymous_9)","decl":{"start":{"line":104,"column":2},"end":{"line":104,"column":3}},"loc":{"start":{"line":104,"column":13},"end":{"line":129,"column":3}},"line":104}},"branchMap":{"0":{"loc":{"start":{"line":18,"column":4},"end":{"line":18,"column":44}},"type":"if","locations":[{"start":{"line":18,"column":4},"end":{"line":18,"column":44}},{"start":{},"end":{}}],"line":18},"1":{"loc":{"start":{"line":22,"column":4},"end":{"line":22,"column":50}},"type":"if","locations":[{"start":{"line":22,"column":4},"end":{"line":22,"column":50}},{"start":{},"end":{}}],"line":22},"2":{"loc":{"start":{"line":25,"column":6},"end":{"line":25,"column":50}},"type":"cond-expr","locations":[{"start":{"line":25,"column":28},"end":{"line":25,"column":30}},{"start":{"line":25,"column":33},"end":{"line":25,"column":50}}],"line":25},"3":{"loc":{"start":{"line":34,"column":4},"end":{"line":38,"column":5}},"type":"if","locations":[{"start":{"line":34,"column":4},"end":{"line":38,"column":5}},{"start":{},"end":{}}],"line":34},"4":{"loc":{"start":{"line":34,"column":8},"end":{"line":34,"column":52}},"type":"binary-expr","locations":[{"start":{"line":34,"column":8},"end":{"line":34,"column":21}},{"start":{"line":34,"column":25},"end":{"line":34,"column":52}}],"line":34},"5":{"loc":{"start":{"line":40,"column":4},"end":{"line":40,"column":65}},"type":"if","locations":[{"start":{"line":40,"column":4},"end":{"line":40,"column":65}},{"start":{},"end":{}}],"line":40},"6":{"loc":{"start":{"line":40,"column":8},"end":{"line":40,"column":56}},"type":"binary-expr","locations":[{"start":{"line":40,"column":8},"end":{"line":40,"column":21}},{"start":{"line":40,"column":25},"end":{"line":40,"column":56}}],"line":40},"7":{"loc":{"start":{"line":42,"column":4},"end":{"line":46,"column":5}},"type":"if","locations":[{"start":{"line":42,"column":4},"end":{"line":46,"column":5}},{"start":{},"end":{}}],"line":42},"8":{"loc":{"start":{"line":64,"column":4},"end":{"line":64,"column":37}},"type":"if","locations":[{"start":{"line":64,"column":4},"end":{"line":64,"column":37}},{"start":{},"end":{}}],"line":64},"9":{"loc":{"start":{"line":70,"column":6},"end":{"line":72,"column":48}},"type":"cond-expr","locations":[{"start":{"line":71,"column":10},"end":{"line":71,"column":61}},{"start":{"line":72,"column":10},"end":{"line":72,"column":48}}],"line":70},"10":{"loc":{"start":{"line":75,"column":6},"end":{"line":77,"column":29}},"type":"cond-expr","locations":[{"start":{"line":76,"column":10},"end":{"line":76,"column":42}},{"start":{"line":77,"column":10},"end":{"line":77,"column":29}}],"line":75},"11":{"loc":{"start":{"line":99,"column":6},"end":{"line":99,"column":57}},"type":"cond-expr","locations":[{"start":{"line":99,"column":24},"end":{"line":99,"column":27}},{"start":{"line":99,"column":30},"end":{"line":99,"column":57}}],"line":99},"12":{"loc":{"start":{"line":101,"column":6},"end":{"line":101,"column":38}},"type":"cond-expr","locations":[{"start":{"line":101,"column":24},"end":{"line":101,"column":27}},{"start":{"line":101,"column":30},"end":{"line":101,"column":38}}],"line":101},"13":{"loc":{"start":{"line":107,"column":4},"end":{"line":122,"column":5}},"type":"switch","locations":[{"start":{"line":108,"column":6},"end":{"line":110,"column":14}},{"start":{"line":111,"column":6},"end":{"line":113,"column":14}},{"start":{"line":114,"column":6},"end":{"line":116,"column":14}},{"start":{"line":117,"column":6},"end":{"line":119,"column":14}},{"start":{"line":120,"column":6},"end":{"line":121,"column":21}}],"line":107}},"s":{"0":2,"1":2,"2":2,"3":81,"4":0,"5":81,"6":81,"7":65,"8":16,"9":163,"10":63,"11":1,"12":1,"13":1,"14":62,"15":1,"16":61,"17":47,"18":47,"19":47,"20":14,"21":14,"22":9,"23":29,"24":19,"25":1,"26":18,"27":18,"28":18,"29":18,"30":18,"31":18,"32":41,"33":41,"34":41,"35":41,"36":41,"37":41,"38":4,"39":4,"40":4,"41":4,"42":10,"43":2,"44":2,"45":1,"46":1,"47":1,"48":1,"49":5,"50":5,"51":1,"52":10,"53":10,"54":10},"f":{"0":2,"1":81,"2":163,"3":63,"4":9,"5":29,"6":19,"7":41,"8":4,"9":10},"b":{"0":[0,81],"1":[65,16],"2":[11,5],"3":[1,62],"4":[63,4],"5":[1,61],"6":[62,3],"7":[47,14],"8":[1,18],"9":[1,17],"10":[1,17],"11":[2,2],"12":[2,2],"13":[2,1,1,5,1]},"_coverageSchema":"1a1c01bbd47fc00a2c39e90264f33305004495a9","hash":"b9ba0721c71d58a7d3a13f7a29259f3ce76925f1"}
}
