TN:
SF:src/init.js
FN:6,init
FN:10,getNumberInput
FN:15,getOperatorInput
FN:17,(anonymous_3)
FN:28,performCalculation
FN:44,clearOperands
FN:48,deleteCharacter
FNF:7
FNH:7
FNDA:1,init
FNDA:12,getNumberInput
FNDA:5,getOperatorInput
FNDA:7,(anonymous_3)
FNDA:16,performCalculation
FNDA:1,clearOperands
FNDA:3,deleteCharacter
DA:7,1
DA:8,1
DA:11,12
DA:12,12
DA:16,5
DA:17,7
DA:19,5
DA:21,5
DA:22,5
DA:24,5
DA:25,5
DA:29,16
DA:35,16
DA:37,16
DA:39,16
DA:41,16
DA:45,1
DA:49,3
DA:52,1
DA:54,1
DA:56,1
DA:58,1
DA:60,1
DA:62,1
LF:24
LH:24
BRF:0
BRH:0
end_of_record
TN:
SF:src/calculations/SolveMath.js
FN:5,(anonymous_0)
FNF:1
FNH:1
FNDA:16,(anonymous_0)
DA:7,16
DA:9,3
DA:10,3
DA:12,4
DA:13,4
DA:15,2
DA:16,2
DA:18,6
DA:19,6
DA:21,1
DA:24,16
LF:11
LH:11
BRDA:7,0,0,3
BRDA:7,0,1,4
BRDA:7,0,2,2
BRDA:7,0,3,6
BRDA:7,0,4,1
BRF:5
BRH:5
end_of_record
TN:
SF:src/config-helpers/config.js
FNF:0
FNH:0
LF:0
LH:0
BRF:0
BRH:0
end_of_record
TN:
SF:src/config-helpers/helpers.js
FN:3,formatNumber
FN:33,unformatNumber
FNF:2
FNH:2
FNDA:52,formatNumber
FNDA:21,unformatNumber
DA:6,52
DA:8,52
DA:10,52
DA:12,52
DA:13,40
DA:18,12
DA:20,12
DA:22,12
DA:23,14
DA:28,12
DA:34,21
DA:35,6
DA:37,15
LF:13
LH:13
BRDA:6,0,0,8
BRDA:6,0,1,44
BRDA:8,1,0,8
BRDA:8,1,1,44
BRDA:12,2,0,40
BRDA:12,2,1,12
BRDA:12,3,0,52
BRDA:12,3,1,43
BRDA:14,4,0,9
BRDA:14,4,1,31
BRDA:29,5,0,3
BRDA:29,5,1,9
BRDA:34,6,0,6
BRDA:34,6,1,15
BRF:14
BRH:14
end_of_record
TN:
SF:src/data/Calculator.js
FN:10,(anonymous_0)
FN:18,(anonymous_1)
FN:26,(anonymous_2)
FN:30,(anonymous_3)
FN:54,(anonymous_4)
FN:58,(anonymous_5)
FN:65,(anonymous_6)
FN:69,(anonymous_7)
FNF:8
FNH:8
FNDA:48,(anonymous_0)
FNDA:3,(anonymous_1)
FNDA:100,(anonymous_2)
FNDA:62,(anonymous_3)
FNDA:26,(anonymous_4)
FNDA:24,(anonymous_5)
FNDA:27,(anonymous_6)
FNDA:25,(anonymous_7)
DA:4,1
DA:6,1
DA:8,1
DA:11,48
DA:13,48
DA:15,48
DA:19,3
DA:20,2
DA:22,1
DA:27,100
DA:31,62
DA:33,61
DA:34,1
DA:36,1
DA:39,60
DA:40,5
DA:42,5
DA:45,55
DA:46,1
DA:47,54
DA:48,46
DA:50,8
DA:55,26
DA:60,24
DA:62,24
DA:66,27
DA:70,25
DA:71,24
LF:28
LH:28
BRDA:19,0,0,2
BRDA:19,0,1,1
BRDA:31,1,0,1
BRDA:31,1,1,61
BRDA:31,2,0,62
BRDA:31,2,1,4
BRDA:33,3,0,1
BRDA:33,3,1,60
BRDA:33,4,0,61
BRDA:33,4,1,3
BRDA:39,5,0,5
BRDA:39,5,1,55
BRDA:45,6,0,1
BRDA:45,6,1,54
BRDA:45,7,0,55
BRDA:45,7,1,47
BRDA:47,8,0,46
BRDA:47,8,1,8
BRDA:47,9,0,54
BRDA:47,9,1,8
BRDA:60,10,0,1
BRDA:60,10,1,23
BRDA:70,11,0,1
BRDA:70,11,1,24
BRF:24
BRH:24
end_of_record
TN:
SF:src/view/ControlUI.js
FN:5,(anonymous_0)
FN:16,(anonymous_1)
FN:17,(anonymous_2)
FN:18,(anonymous_3)
FN:36,(anonymous_4)
FN:37,(anonymous_5)
FN:38,(anonymous_6)
FN:55,(anonymous_7)
FN:56,(anonymous_8)
FN:71,(anonymous_9)
FN:72,(anonymous_10)
FN:86,(anonymous_11)
FN:87,(anonymous_12)
FN:100,(anonymous_13)
FN:112,(anonymous_14)
FN:130,(anonymous_15)
FN:137,(anonymous_16)
FN:147,(anonymous_17)
FNF:18
FNH:13
FNDA:1,(anonymous_0)
FNDA:1,(anonymous_1)
FNDA:11,(anonymous_2)
FNDA:0,(anonymous_3)
FNDA:1,(anonymous_4)
FNDA:4,(anonymous_5)
FNDA:0,(anonymous_6)
FNDA:1,(anonymous_7)
FNDA:0,(anonymous_8)
FNDA:1,(anonymous_9)
FNDA:0,(anonymous_10)
FNDA:1,(anonymous_11)
FNDA:0,(anonymous_12)
FNDA:3,(anonymous_13)
FNDA:57,(anonymous_14)
FNDA:8,(anonymous_15)
FNDA:7,(anonymous_16)
FNDA:33,(anonymous_17)
DA:6,1
DA:7,1
DA:8,1
DA:9,1
DA:10,1
DA:11,1
DA:12,1
DA:13,1
DA:17,1
DA:18,11
DA:19,0
DA:21,0
DA:23,0
DA:25,0
DA:27,0
DA:28,0
DA:30,0
DA:37,1
DA:38,4
DA:39,0
DA:40,0
DA:42,0
DA:44,0
DA:46,0
DA:47,0
DA:49,0
DA:56,1
DA:57,0
DA:59,0
DA:61,0
DA:63,0
DA:65,0
DA:66,0
DA:72,1
DA:73,0
DA:75,0
DA:77,0
DA:79,0
DA:81,0
DA:82,0
DA:87,1
DA:88,0
DA:90,0
DA:92,0
DA:94,0
DA:96,0
DA:101,3
DA:102,2
DA:106,2
DA:108,1
DA:113,57
DA:115,57
DA:116,6
DA:117,51
DA:118,31
DA:119,20
DA:124,19
DA:126,19
DA:131,8
DA:138,7
DA:140,7
DA:142,7
DA:144,7
DA:148,33
DA:150,33
DA:152,33
LF:66
LH:35
BRDA:5,0,0,0
BRDA:23,1,0,0
BRDA:23,1,1,0
BRDA:27,2,0,0
BRDA:27,2,1,0
BRDA:42,3,0,0
BRDA:42,3,1,0
BRDA:46,4,0,0
BRDA:46,4,1,0
BRDA:61,5,0,0
BRDA:61,5,1,0
BRDA:65,6,0,0
BRDA:65,6,1,0
BRDA:65,7,0,0
BRDA:65,7,1,0
BRDA:77,8,0,0
BRDA:77,8,1,0
BRDA:92,9,0,0
BRDA:92,9,1,0
BRDA:101,10,0,2
BRDA:101,10,1,1
BRDA:115,11,0,6
BRDA:115,11,1,51
BRDA:117,12,0,31
BRDA:117,12,1,20
BRDA:117,13,0,51
BRDA:117,13,1,32
BRDA:119,14,0,19
BRDA:119,14,1,1
BRDA:120,15,0,20
BRDA:120,15,1,4
BRDA:120,15,2,17
BRDA:132,16,0,1
BRDA:132,16,1,7
BRDA:138,17,0,0
BRDA:138,17,1,7
BRF:36
BRH:16
end_of_record
