TN:
SF:src/init.js
FN:3,init
FN:14,(anonymous_1)
FNF:2
FNH:2
FNDA:2,init
FNDA:5,(anonymous_1)
DA:4,2
DA:5,2
DA:6,2
DA:8,2
DA:14,2
DA:15,5
DA:16,1
DA:19,5
DA:20,1
DA:23,5
DA:24,1
DA:27,5
DA:28,1
DA:31,5
DA:32,1
DA:35,2
LF:16
LH:16
BRDA:3,0,0,0
BRDA:15,1,0,1
BRDA:15,1,1,4
BRDA:19,2,0,1
BRDA:19,2,1,4
BRDA:23,3,0,1
BRDA:23,3,1,4
BRDA:27,4,0,1
BRDA:27,4,1,4
BRDA:31,5,0,1
BRDA:31,5,1,4
BRF:11
BRH:10
end_of_record
TN:
SF:src/__tests__/testHelper.js
FNF:0
FNH:0
DA:7,2
DA:8,2
DA:10,2
DA:40,2
LF:4
LH:4
BRF:0
BRH:0
end_of_record
TN:
SF:src/config-helpers/config.js
FNF:0
FNH:0
LF:0
LH:0
BRF:0
BRH:0
end_of_record
TN:
SF:src/logic/Calculator.js
FN:11,(anonymous_0)
FN:17,(anonymous_1)
FN:29,(anonymous_2)
FN:33,(anonymous_3)
FN:55,(anonymous_4)
FN:59,(anonymous_5)
FN:63,(anonymous_6)
FN:83,(anonymous_7)
FN:94,(anonymous_8)
FN:104,(anonymous_9)
FNF:10
FNH:10
FNDA:2,(anonymous_0)
FNDA:81,(anonymous_1)
FNDA:163,(anonymous_2)
FNDA:63,(anonymous_3)
FNDA:9,(anonymous_4)
FNDA:29,(anonymous_5)
FNDA:19,(anonymous_6)
FNDA:41,(anonymous_7)
FNDA:4,(anonymous_8)
FNDA:10,(anonymous_9)
DA:12,2
DA:13,2
DA:14,2
DA:18,81
DA:20,81
DA:22,81
DA:24,16
DA:30,163
DA:34,63
DA:35,1
DA:36,1
DA:37,1
DA:40,62
DA:42,61
DA:43,47
DA:44,47
DA:45,47
DA:48,14
DA:50,14
DA:56,9
DA:60,29
DA:64,19
DA:66,18
DA:67,18
DA:69,18
DA:74,18
DA:79,18
DA:80,18
DA:84,41
DA:85,41
DA:87,41
DA:88,41
DA:90,41
DA:91,41
DA:95,4
DA:96,4
DA:98,4
DA:100,4
DA:107,10
DA:109,2
DA:110,2
DA:112,1
DA:113,1
DA:115,1
DA:116,1
DA:118,5
DA:119,5
DA:121,1
DA:124,10
DA:126,10
DA:128,10
LF:51
LH:51
BRDA:18,0,0,0
BRDA:18,0,1,81
BRDA:22,1,0,65
BRDA:22,1,1,16
BRDA:25,2,0,11
BRDA:25,2,1,5
BRDA:34,3,0,1
BRDA:34,3,1,62
BRDA:34,4,0,63
BRDA:34,4,1,4
BRDA:40,5,0,1
BRDA:40,5,1,61
BRDA:40,6,0,62
BRDA:40,6,1,3
BRDA:42,7,0,47
BRDA:42,7,1,14
BRDA:64,8,0,1
BRDA:64,8,1,18
BRDA:70,9,0,1
BRDA:70,9,1,17
BRDA:75,10,0,1
BRDA:75,10,1,17
BRDA:99,11,0,2
BRDA:99,11,1,2
BRDA:101,12,0,2
BRDA:101,12,1,2
BRDA:107,13,0,2
BRDA:107,13,1,1
BRDA:107,13,2,1
BRDA:107,13,3,5
BRDA:107,13,4,1
BRF:31
BRH:30
end_of_record
